#
# There is insufficient memory for the Java Runtime Environment to continue.
# Native memory allocation (mmap) failed to map 662700032 bytes. Error detail: G1 virtual space
# Possible reasons:
#   The system is out of physical RAM or swap space
#   This process is running with CompressedOops enabled, and the Java Heap may be blocking the growth of the native heap
# Possible solutions:
#   Reduce memory load on the system
#   Increase physical memory or swap space
#   Check if swap backing store is full
#   Decrease Java heap size (-Xmx/-Xms)
#   Decrease number of Java threads
#   Decrease Java thread stack sizes (-Xss)
#   Set larger code cache with -XX:ReservedCodeCacheSize=
#   JVM is running with Zero Based Compressed Oops mode in which the Java heap is
#     placed in the first 32GB address space. The Java Heap base address is the
#     maximum limit for the native heap growth. Please use -XX:HeapBaseMinAddress
#     to set the Java Heap base and to place the Java Heap above 32GB virtual address.
# This output file may be truncated or incomplete.
#
#  Out of Memory Error (os_windows.cpp:3825), pid=15372, tid=10032
#
# JRE version:  (17.0.11+1) (build )
# Java VM: OpenJDK 64-Bit Server VM (17.0.11+1-b1207.24, mixed mode, sharing, tiered, compressed oops, compressed class ptrs, g1 gc, windows-amd64)
# No core dump will be written. Minidumps are not enabled by default on client versions of Windows
#

---------------  S U M M A R Y ------------

Command Line: externalApp.nativessh.NativeSshAskPassApp Enter passphrase for key '/c/Users/wangz/.ssh/id_rsa': 

Host: AMD Ryzen 7 6800H with Radeon Graphics         , 16 cores, 39G,  Windows 11 , 64 bit Build 22621 (10.0.22621.3672)
Time: Fri Jul 26 19:46:41 2024  Windows 11 , 64 bit Build 22621 (10.0.22621.3672) elapsed time: 0.012482 seconds (0d 0h 0m 0s)

---------------  T H R E A D  ---------------

Current thread (0x000001a63f7b60d0):  JavaThread "Unknown thread" [_thread_in_vm, id=10032, stack(0x0000000af2400000,0x0000000af2500000)]

Stack: [0x0000000af2400000,0x0000000af2500000]
Native frames: (J=compiled Java code, j=interpreted, Vv=VM code, C=native code)
V  [jvm.dll+0x6877f9]
V  [jvm.dll+0x8411aa]
V  [jvm.dll+0x842e2e]
V  [jvm.dll+0x843493]
V  [jvm.dll+0x249fdf]
V  [jvm.dll+0x6845c9]
V  [jvm.dll+0x678e7a]
V  [jvm.dll+0x30ab4b]
V  [jvm.dll+0x311ff6]
V  [jvm.dll+0x361a5e]
V  [jvm.dll+0x361c8f]
V  [jvm.dll+0x2e0978]
V  [jvm.dll+0x2e18e4]
V  [jvm.dll+0x811c71]
V  [jvm.dll+0x36f7c8]
V  [jvm.dll+0x7f05f6]
V  [jvm.dll+0x3f398f]
V  [jvm.dll+0x3f5541]
C  [jli.dll+0x528f]
C  [ucrtbase.dll+0x29333]
C  [KERNEL32.DLL+0x1257d]
C  [ntdll.dll+0x5af28]


---------------  P R O C E S S  ---------------

Threads class SMR info:
_java_thread_list=0x00007ffc7af8efd8, length=0, elements={
}

Java Threads: ( => current thread )

Other Threads:
  0x000001a63f854670 GCTaskThread "GC Thread#0" [stack: 0x0000000af2500000,0x0000000af2600000] [id=3172]
  0x000001a669c927d0 ConcurrentGCThread "G1 Main Marker" [stack: 0x0000000af2600000,0x0000000af2700000] [id=16764]
  0x000001a669c93100 ConcurrentGCThread "G1 Conc#0" [stack: 0x0000000af2700000,0x0000000af2800000] [id=5936]

[error occurred during error reporting (printing all threads), id 0xc0000005, EXCEPTION_ACCESS_VIOLATION (0xc0000005) at pc=0x00007ffc7a741547]

VM state: not at safepoint (not fully initialized)

VM Mutex/Monitor currently owned by a thread:  ([mutex/lock_event])
[0x000001a63f7b1ae0] Heap_lock - owner thread: 0x000001a63f7b60d0

Heap address: 0x000000058c000000, size: 10048 MB, Compressed Oops mode: Zero based, Oop shift amount: 3

CDS archive(s) mapped at: [0x0000000000000000-0x0000000000000000-0x0000000000000000), size 0, SharedBaseAddress: 0x0000000800000000, ArchiveRelocationMode: 1.
Narrow klass base: 0x0000000000000000, Narrow klass shift: 0, Narrow klass range: 0x0

GC Precious Log:
<Empty>

Heap:
 garbage-first heap   total 0K, used 0K [0x000000058c000000, 0x0000000800000000)
  region size 8192K, 0 young (0K), 0 survivors (0K)
 Metaspace       used 0K, committed 0K, reserved 0K
  class space    used 0K, committed 0K, reserved 0K

Heap Regions: E=young(eden), S=young(survivor), O=old, HS=humongous(starts), HC=humongous(continues), CS=collection set, F=free, OA=open archive, CA=closed archive, TAMS=top-at-mark-start (previous, next)

Card table byte_map: [0x000001a653b50000,0x000001a654ef0000] _byte_map_base: 0x000001a650ef0000

Marking Bits (Prev, Next): (CMBitMap*) 0x000001a63f854ba0, (CMBitMap*) 0x000001a63f854be0
 Prev Bits: [0x000001a656290000, 0x000001a65ff90000)
 Next Bits: [0x000001a65ff90000, 0x000001a669c90000)

GC Heap History (0 events):
No events

Dll operation events (1 events):
Event: 0.007 Loaded shared library C:\Program Files\JetBrains\PyCharm 2023.1\jbr\bin\java.dll

Deoptimization events (0 events):
No events

Classes unloaded (0 events):
No events

Classes redefined (0 events):
No events

Internal exceptions (0 events):
No events

VM Operations (0 events):
No events

Events (0 events):
No events


Dynamic libraries:
0x00007ff6ae150000 - 0x00007ff6ae15a000 	C:\Program Files\JetBrains\PyCharm 2023.1\jbr\bin\java.exe
0x00007ffd028b0000 - 0x00007ffd02ac7000 	C:\WINDOWS\SYSTEM32\ntdll.dll
0x00007ffd01a40000 - 0x00007ffd01b04000 	C:\WINDOWS\System32\KERNEL32.DLL
0x00007ffd001d0000 - 0x00007ffd0057d000 	C:\WINDOWS\System32\KERNELBASE.dll
0x00007ffcffff0000 - 0x00007ffd00101000 	C:\WINDOWS\System32\ucrtbase.dll
0x00007ffcf6a10000 - 0x00007ffcf6a27000 	C:\Program Files\JetBrains\PyCharm 2023.1\jbr\bin\jli.dll
0x00007ffc9db90000 - 0x00007ffc9dbab000 	C:\Program Files\JetBrains\PyCharm 2023.1\jbr\bin\VCRUNTIME140.dll
0x00007ffd00a20000 - 0x00007ffd00bce000 	C:\WINDOWS\System32\USER32.dll
0x00007ffcffbe0000 - 0x00007ffcffc06000 	C:\WINDOWS\System32\win32u.dll
0x00007ffce6e60000 - 0x00007ffce70f3000 	C:\WINDOWS\WinSxS\amd64_microsoft.windows.common-controls_6595b64144ccf1df_6.0.22621.3672_none_2713b9d173822955\COMCTL32.dll
0x00007ffd00bd0000 - 0x00007ffd00bf9000 	C:\WINDOWS\System32\GDI32.dll
0x00007ffcffcb0000 - 0x00007ffcffdc9000 	C:\WINDOWS\System32\gdi32full.dll
0x00007ffd01200000 - 0x00007ffd012a7000 	C:\WINDOWS\System32\msvcrt.dll
0x00007ffcffc10000 - 0x00007ffcffcaa000 	C:\WINDOWS\System32\msvcp_win.dll
0x00007ffd005f0000 - 0x00007ffd00621000 	C:\WINDOWS\System32\IMM32.DLL
0x00007ffcc8c70000 - 0x00007ffcc8c7c000 	C:\Program Files\JetBrains\PyCharm 2023.1\jbr\bin\vcruntime140_1.dll
0x00007ffb1e420000 - 0x00007ffb1e4ad000 	C:\Program Files\JetBrains\PyCharm 2023.1\jbr\bin\msvcp140.dll
0x00007ffc7a450000 - 0x00007ffc7b0d3000 	C:\Program Files\JetBrains\PyCharm 2023.1\jbr\bin\server\jvm.dll
0x00007ffd027b0000 - 0x00007ffd02862000 	C:\WINDOWS\System32\ADVAPI32.dll
0x00007ffd01350000 - 0x00007ffd013f9000 	C:\WINDOWS\System32\sechost.dll
0x00007ffcffdd0000 - 0x00007ffcffdf8000 	C:\WINDOWS\System32\bcrypt.dll
0x00007ffd015f0000 - 0x00007ffd01704000 	C:\WINDOWS\System32\RPCRT4.dll
0x00007ffce0d30000 - 0x00007ffce0d39000 	C:\WINDOWS\SYSTEM32\WSOCK32.dll
0x00007ffd012c0000 - 0x00007ffd01331000 	C:\WINDOWS\System32\WS2_32.dll
0x00007ffcfea30000 - 0x00007ffcfea7d000 	C:\WINDOWS\SYSTEM32\POWRPROF.dll
0x00007ffcf6ff0000 - 0x00007ffcf6ffa000 	C:\WINDOWS\SYSTEM32\VERSION.dll
0x00007ffcfa850000 - 0x00007ffcfa884000 	C:\WINDOWS\SYSTEM32\WINMM.dll
0x00007ffcfea10000 - 0x00007ffcfea23000 	C:\WINDOWS\SYSTEM32\UMPDC.dll
0x00007ffcfecc0000 - 0x00007ffcfecd8000 	C:\WINDOWS\SYSTEM32\kernel.appcore.dll
0x00007ffcfbf20000 - 0x00007ffcfbf2a000 	C:\Program Files\JetBrains\PyCharm 2023.1\jbr\bin\jimage.dll
0x00007ffcfd200000 - 0x00007ffcfd432000 	C:\WINDOWS\SYSTEM32\DBGHELP.DLL
0x00007ffd00690000 - 0x00007ffd00a18000 	C:\WINDOWS\System32\combase.dll
0x00007ffd00c90000 - 0x00007ffd00d67000 	C:\WINDOWS\System32\OLEAUT32.dll
0x00007ffcf6a90000 - 0x00007ffcf6ac2000 	C:\WINDOWS\SYSTEM32\dbgcore.DLL
0x00007ffcfff70000 - 0x00007ffcfffeb000 	C:\WINDOWS\System32\bcryptPrimitives.dll
0x00007ffcf5320000 - 0x00007ffcf5345000 	C:\Program Files\JetBrains\PyCharm 2023.1\jbr\bin\java.dll

dbghelp: loaded successfully - version: 4.0.5 - missing functions: none
symbol engine: initialized successfully - sym options: 0x614 - pdb path: .;C:\Program Files\JetBrains\PyCharm 2023.1\jbr\bin;C:\WINDOWS\SYSTEM32;C:\WINDOWS\WinSxS\amd64_microsoft.windows.common-controls_6595b64144ccf1df_6.0.22621.3672_none_2713b9d173822955;C:\Program Files\JetBrains\PyCharm 2023.1\jbr\bin\server

VM Arguments:
java_command: externalApp.nativessh.NativeSshAskPassApp Enter passphrase for key '/c/Users/wangz/.ssh/id_rsa': 
java_class_path (initial): C:/Program Files/JetBrains/PyCharm 2023.1/lib/externalProcess-rt.jar
Launcher Type: SUN_STANDARD

[Global flags]
     intx CICompilerCount                          = 12                                        {product} {ergonomic}
     uint ConcGCThreads                            = 3                                         {product} {ergonomic}
     uint G1ConcRefinementThreads                  = 13                                        {product} {ergonomic}
   size_t G1HeapRegionSize                         = 8388608                                   {product} {ergonomic}
    uintx GCDrainStackTargetSize                   = 64                                        {product} {ergonomic}
   size_t InitialHeapSize                          = 662700032                                 {product} {ergonomic}
   size_t MarkStackSize                            = 4194304                                   {product} {ergonomic}
   size_t MaxHeapSize                              = 10536091648                               {product} {ergonomic}
   size_t MinHeapDeltaBytes                        = 8388608                                   {product} {ergonomic}
   size_t MinHeapSize                              = 8388608                                   {product} {ergonomic}
    uintx NonNMethodCodeHeapSize                   = 7602480                                {pd product} {ergonomic}
    uintx NonProfiledCodeHeapSize                  = 122027880                              {pd product} {ergonomic}
    uintx ProfiledCodeHeapSize                     = 122027880                              {pd product} {ergonomic}
    uintx ReservedCodeCacheSize                    = 251658240                              {pd product} {ergonomic}
     bool SegmentedCodeCache                       = true                                      {product} {ergonomic}
   size_t SoftMaxHeapSize                          = 10536091648                            {manageable} {ergonomic}
     bool UseCompressedClassPointers               = true                           {product lp64_product} {ergonomic}
     bool UseCompressedOops                        = true                           {product lp64_product} {ergonomic}
     bool UseG1GC                                  = true                                      {product} {ergonomic}
     bool UseLargePagesIndividualAllocation        = false                                  {pd product} {ergonomic}

Logging:
Log output configuration:
 #0: stdout all=warning uptime,level,tags
 #1: stderr all=off uptime,level,tags

Environment Variables:
JAVA_HOME=E:\Program\LucioJdk8
PATH=E:\Git\mingw64\libexec\git-core;E:\Git\mingw64\bin;E:\Git\usr\bin;C:\Users\wangz\bin;C:\Users\wangz\anaconda3\envs\gaussian_splatting;C:\Users\wangz\anaconda3\envs\gaussian_splatting\Library\mingw-w64\bin;C:\Users\wangz\anaconda3\envs\gaussian_splatting\Library\usr\bin;C:\Users\wangz\anaconda3\envs\gaussian_splatting\Library\bin;C:\Users\wangz\anaconda3\envs\gaussian_splatting\Scripts;C:\Users\wangz\anaconda3\envs\gaussian_splatting\bin;C:\Users\wangz\anaconda3\condabin;C:\Users\wangz\anaconda3;E:\envs\Cuda 11.8\cuda 11.8\bin;E:\envs\Cuda 11.8\cuda 11.8\libnvvp;E:\vmWare\bin;C:\Program Files (x86)\Common Files\Intel\Shared Libraries\redist\intel64\compiler;C:\Program Files\Common Files\Oracle\Java\javapath;C:\Program Files (x86)\Common Files\Oracle\Java\java8path;C:\Program Files (x86)\Common Files\Oracle\Java\javapath;C:\Windows\system32;C:\Windows;C:\Windows\System32\Wbem;C:\Windows\System32\WindowsPowerShell\v1.0;E:\envs\COLMAP-3.9.1-windows-cuda\COLMAP-3.9.1-windows-cuda;C:\Windows\System32\OpenSSH;C:\Program Files (x86)\NVIDIA Corporation\PhysX\Common;C:\Program Files\NVIDIA Corporation\NVIDIA NvDLISR;C:\Users\wangz\anaconda3\Library\bin;C:\WINDOWS\system32;C:\WINDOWS;E:\envs\ffmpeg-2024-06-16-git-fcf72966a5-essentials_build\ffmpeg-2024-06-16-git-fcf72966a5-essentials_build\bin;C:\WINDOWS\System32\Wbem;C:\Users\wangz\anaconda3\Scripts;C:\WINDOWS\System32\WindowsPowerShell\v1.0;C:\WINDOWS\System32\OpenSSH;C:\Program Files\Pandoc;E:\MatLab\bin;C:\Program Files\Go\bin;C:\Program Files (x86)\Windows Kits\10\Windows Performance Toolkit;C:\Program Files\dotnet;C:\Program Files (x86)\NetSarang\Xshell 7;C:\Users\wangz\anaconda3\Library\mingw-w64\bin;E:\envs\ImageMagick-7.1.1-Q16-HDRI;C:\Program Files\NVIDIA Corporation\Nsight Compute 2022.3.0;E:\Git\cmd;C:\Program Files\PowerShell\7;E:\envs\Cuda 11.8\cuda 11.8\bin;E:\mysql\mysql-8.0.36-winx64\bin;E:\Maven\apache-maven-3.9.6\bin;C:\Program Files\MySQL\MySQL Server 8.2\bin;C:\Users\wangz\AppData\Local\Programs\Python\P
USERNAME=wangz
DISPLAY=:0.0
LC_ALL=en_US.UTF-8
TERM=xterm-256color
TMPDIR=C:\Users\wangz\AppData\Local\Temp
OS=Windows_NT
PROCESSOR_IDENTIFIER=AMD64 Family 25 Model 68 Stepping 1, AuthenticAMD
TMP=C:\Users\wangz\AppData\Local\Temp
TEMP=C:\Users\wangz\AppData\Local\Temp



Periodic native trim disabled

JNI global refs:
JNI global refs: 0, weak refs: 0

JNI global refs memory usage: 0, weak refs: 0

Process memory usage:
Resident Set Size: 12784K (0% of 41153580K total physical memory with 4312204K free physical memory)

OOME stack traces (most recent first):
Classloader memory used:


---------------  S Y S T E M  ---------------

OS:
 Windows 11 , 64 bit Build 22621 (10.0.22621.3672)
OS uptime: 2 days 18:57 hours
Hyper-V role detected

CPU: total 16 (initial active 16) (16 cores per cpu, 2 threads per core) family 25 model 68 stepping 1 microcode 0x0, cx8, cmov, fxsr, ht, mmx, 3dnowpref, sse, sse2, sse3, ssse3, sse4a, sse4.1, sse4.2, popcnt, lzcnt, tsc, tscinvbit, avx, avx2, aes, clmul, bmi1, bmi2, adx, sha, fma, vzeroupper, clflush, clflushopt, hv
Processor Information for all 16 processors :
  Max Mhz: 3201, Current Mhz: 3201, Mhz Limit: 3201

Memory: 4k page, system-wide physical 40189M (4211M free)
TotalPageFile size 49935M (AvailPageFile size 22M)
current process WorkingSet (physical memory assigned to process): 12M, peak: 12M
current process commit charge ("private bytes"): 70M, peak: 702M

vm_info: OpenJDK 64-Bit Server VM (17.0.11+1-b1207.24) for windows-amd64 JRE (17.0.11+1-b1207.24), built on 2024-05-15 by "builduser" with MS VC++ 16.10 / 16.11 (VS2019)

END.
